2024-03-30 19:27:12,769 [INFO] PID: 46168
2024-03-30 19:27:37,920 [INFO] STEP: 0, args.logging_steps: 500
2024-03-30 19:27:39,394 [INFO] tqdm.refresh(): dt: 21.668204069137573, n: 1
2024-03-30 19:27:41,023 [INFO] input_ids[0]: tensor([ 101, 2043, 2003, 6350, 1029,  102, 6350, 2003, 2012, 1021, 3286,  102])
2024-03-30 19:27:41,024 [INFO] 1) startLogitsList (+2): [-0.01, -0.11, -0.4, -0.17, -0.7, 0.42, -0.11, -0.51, -0.26, 0.07, -0.25, 0.25, -0.84, -0.81]
2024-03-30 19:27:41,025 [INFO]   1) start_loss: 5.479182243347168
2024-03-30 19:27:41,025 [INFO] 1) endLogitsList (+2): [0.1, -0.06, 0.1, 0.21, 0.27, 0.01, 0.22, -0.21, 0.25, 0.2, 0.61, -0.21, 0.14, -0.01]
2024-03-30 19:27:41,025 [INFO]   1) end_loss: 5.912445068359375
2024-03-30 19:28:06,079 [INFO] 2) startLogitsList (+2): [0.11, 0.02, -0.09, 0.07, -0.15, -0.85, 0.35, -0.16, -0.14, 0.0, 0.35, 0.02, 0.36, 0.03, -0.41, 0.38, -1.17, -0.89]
2024-03-30 19:28:06,080 [INFO]   2) start_loss: 4.154243469238281
2024-03-30 19:28:06,080 [INFO] 2) endLogitsList (+2): [0.32, 0.3, 0.3, 0.05, 0.38, -0.09, -0.24, 0.15, 0.4, 0.2, 0.29, 0.36, 0.39, 0.55, 0.87, -0.14, -0.12, -0.11]
2024-03-30 19:28:06,081 [INFO]   2) end_loss: 4.248439788818359
2024-03-30 19:28:30,308 [INFO] 3) startLogitsList (+2): [0.23, -0.19, -0.49, -0.57, -0.94, 0.21, -0.75, -0.31, 0.44, 2.22, 1.26, 0.28, -1.61, -1.79]
2024-03-30 19:28:30,309 [INFO]   3) start_loss: 2.2764604091644287
2024-03-30 19:28:30,309 [INFO] 3) endLogitsList (+2): [-0.06, -0.13, 0.27, 0.32, -0.35, -0.26, 0.48, 0.12, 0.79, 0.51, 2.49, -0.11, -1.17, -1.03]
2024-03-30 19:28:30,311 [INFO]   3) end_loss: 2.4377686977386475
2024-03-30 19:28:54,374 [INFO] 4) startLogitsList (+2): [0.5, 0.01, -0.23, 0.17, 0.18, -0.02, -1.21, 0.02, -0.11, 0.26, 0.4, 1.2, 1.12, 0.5, 0.11, -2.01, -2.58]
2024-03-30 19:28:54,376 [INFO]   4) start_loss: 2.845078468322754
2024-03-30 19:28:54,376 [INFO] 4) endLogitsList (+2): [0.43, 0.41, 0.22, 0.59, -0.17, 0.2, -0.84, -0.24, 0.62, 0.33, 0.37, 0.56, 0.8, 1.28, -0.47, -1.43, -1.5]
2024-03-30 19:28:54,376 [INFO]   4) end_loss: 2.9226789474487305
2024-03-30 19:29:19,034 [INFO] 5) startLogitsList (+2): [-0.18, -0.24, -0.11, 0.09, 0.53, -0.25, -1.48, 0.1, -0.03, 0.42, 0.67, 1.48, 0.49, 0.69, 0.02, -3.0, -2.95]
2024-03-30 19:29:19,035 [INFO]   5) start_loss: 2.3247933387756348
2024-03-30 19:29:19,035 [INFO] 5) endLogitsList (+2): [0.19, 0.18, 0.32, 0.51, 0.14, -0.02, -1.39, -0.04, 0.66, 0.77, 0.47, 0.47, 0.93, 1.75, -0.26, -2.18, -2.37]
2024-03-30 19:29:19,036 [INFO]   5) end_loss: 2.204594135284424
2024-03-30 19:29:42,409 [INFO] 6) startLogitsList (+2): [0.32, -0.04, -0.34, 0.07, -0.06, -2.18, -0.3, -0.12, 0.12, 2.51, 0.1, -0.22, -3.4, -3.77]
2024-03-30 19:29:42,411 [INFO]   6) start_loss: 1.4645640850067139
2024-03-30 19:29:42,411 [INFO] 6) endLogitsList (+2): [0.41, 0.23, 0.15, 0.55, 0.22, -1.71, -0.26, 0.8, 0.16, 0.19, 2.75, -0.13, -2.76, -2.68]
2024-03-30 19:29:42,411 [INFO]   6) end_loss: 1.546837568283081
2024-03-30 19:30:05,989 [INFO] 7) startLogitsList (+2): [0.37, -0.29, -0.4, -0.04, -0.29, -0.27, -2.49, 0.18, 0.12, 0.17, 0.74, 2.08, 0.71, 0.35, 0.17, -3.63, -3.69]
2024-03-30 19:30:05,990 [INFO]   7) start_loss: 2.066450595855713
2024-03-30 19:30:05,990 [INFO] 7) endLogitsList (+2): [0.12, 0.07, 0.31, 0.67, -0.03, 0.03, -2.17, 0.03, 1.04, 0.56, 0.69, 0.7, 1.12, 2.28, 0.19, -2.98, -2.85]
2024-03-30 19:30:05,991 [INFO]   7) end_loss: 2.4383020401000977
2024-03-30 19:30:29,528 [INFO] 8) startLogitsList (+2): [0.38, 0.15, -0.38, -0.3, -0.36, -2.6, -0.65, -0.09, -0.2, 0.16, 2.38, 0.89, 0.34, 0.52, 0.3, -0.65, -3.68, -3.81]
2024-03-30 19:30:29,529 [INFO]   8) start_loss: 0.7403389811515808
2024-03-30 19:30:29,529 [INFO] 8) endLogitsList (+2): [0.16, 0.11, -0.27, -0.65, 0.28, -2.04, -0.28, -0.04, 0.67, -0.25, 0.77, 1.68, 1.44, 1.48, 3.06, -0.3, -3.24, -3.12]
2024-03-30 19:30:29,530 [INFO]   8) end_loss: 0.6491943597793579
2024-03-30 19:30:52,845 [INFO] 9) startLogitsList (+2): [-0.19, -0.37, -0.86, -0.63, -3.38, -0.82, -0.29, -0.68, 0.68, 4.1, 0.91, -1.02, -4.35, -4.09]
2024-03-30 19:30:52,846 [INFO]   9) start_loss: 0.4922443628311157
2024-03-30 19:30:52,847 [INFO] 9) endLogitsList (+2): [0.3, 0.04, 0.02, 0.64, -2.69, -0.44, 0.7, 0.06, 0.86, 1.06, 4.82, -0.59, -3.19, -3.41]
2024-03-30 19:30:52,847 [INFO]   9) end_loss: 0.4745104908943176
2024-03-30 19:31:16,694 [INFO] 10) startLogitsList (+2): [0.08, -0.23, -0.86, -0.76, -0.44, -2.6, -0.8, -0.99, -0.49, 3.22, 0.33, -0.41, -4.06, -4.34]
2024-03-30 19:31:16,695 [INFO]   10) start_loss: 0.323818176984787
2024-03-30 19:31:16,695 [INFO] 10) endLogitsList (+2): [0.55, 0.2, -0.41, 0.6, -0.29, -2.23, -0.61, 1.06, 0.33, 0.34, 3.59, -0.36, -3.59, -3.5]
2024-03-30 19:31:16,696 [INFO]   10) end_loss: 0.35229402780532837
